{"contracts/SoybeanSupplyChain.sol":{"l":{"71":0,"76":0,"81":0,"86":0,"91":0,"96":0,"101":0,"106":0,"111":0,"116":0,"125":0,"126":0,"127":0,"132":0,"137":0,"142":0,"147":0,"148":0,"153":0,"158":0,"159":0,"172":0,"180":0,"184":0,"185":0,"186":0,"188":0,"197":0,"201":0,"202":0,"203":0,"204":0,"205":0,"207":0,"215":0,"219":0,"220":0,"221":0,"222":0,"231":0,"236":0,"237":0,"238":0,"239":0,"241":0,"242":0,"248":0,"253":0,"258":0,"259":0,"261":0,"262":0,"264":0,"274":0,"276":0,"277":0,"280":0},"path":"/Users/vidipkhattar/Desktop/my-app/contracts/SoybeanSupplyChain.sol","s":{"1":0,"2":0,"3":0,"4":0,"5":0,"6":0,"7":0,"8":0,"9":0,"10":0,"11":0,"12":0,"13":0,"14":0,"15":0,"16":0,"17":0,"18":0,"19":0,"20":0,"21":0,"22":0,"23":0,"24":0,"25":0,"26":0,"27":0,"28":0,"29":0,"30":0},"b":{"1":[0,0],"2":[0,0],"3":[0,0],"4":[0,0],"5":[0,0],"6":[0,0],"7":[0,0],"8":[0,0],"9":[0,0],"10":[0,0],"11":[0,0],"12":[0,0],"13":[0,0],"14":[0,0],"15":[0,0],"16":[0,0],"17":[0,0],"18":[0,0]},"f":{"1":0,"2":0,"3":0,"4":0,"5":0,"6":0,"7":0,"8":0,"9":0,"10":0,"11":0,"12":0,"13":0,"14":0,"15":0,"16":0,"17":0,"18":0,"19":0},"fnMap":{"1":{"name":"constructor","line":67,"loc":{"start":{"line":67,"column":4},"end":{"line":67,"column":19}}},"2":{"name":"onlyFarmer","line":70,"loc":{"start":{"line":70,"column":4},"end":{"line":77,"column":4}}},"3":{"name":"onlyProcessor","line":80,"loc":{"start":{"line":80,"column":4},"end":{"line":87,"column":4}}},"4":{"name":"onlyDistributor","line":90,"loc":{"start":{"line":90,"column":4},"end":{"line":97,"column":4}}},"5":{"name":"onlyRetailer","line":100,"loc":{"start":{"line":100,"column":4},"end":{"line":107,"column":4}}},"6":{"name":"onlyConsumer","line":110,"loc":{"start":{"line":110,"column":4},"end":{"line":117,"column":4}}},"7":{"name":"assignRole","line":120,"loc":{"start":{"line":120,"column":4},"end":{"line":128,"column":4}}},"8":{"name":"getRole","line":131,"loc":{"start":{"line":131,"column":4},"end":{"line":133,"column":4}}},"9":{"name":"getName","line":136,"loc":{"start":{"line":136,"column":4},"end":{"line":138,"column":4}}},"10":{"name":"addAddress","line":141,"loc":{"start":{"line":141,"column":4},"end":{"line":143,"column":4}}},"11":{"name":"getAddress","line":146,"loc":{"start":{"line":146,"column":4},"end":{"line":149,"column":4}}},"12":{"name":"getAllAddresses","line":152,"loc":{"start":{"line":152,"column":4},"end":{"line":154,"column":4}}},"13":{"name":"plantSoybeans","line":157,"loc":{"start":{"line":157,"column":4},"end":{"line":173,"column":4}}},"14":{"name":"harvestSoybeans","line":179,"loc":{"start":{"line":176,"column":4},"end":{"line":189,"column":4}}},"15":{"name":"processSoybeans","line":196,"loc":{"start":{"line":192,"column":4},"end":{"line":208,"column":4}}},"16":{"name":"packSoybeans","line":214,"loc":{"start":{"line":211,"column":4},"end":{"line":223,"column":4}}},"17":{"name":"sellSoybeans","line":229,"loc":{"start":{"line":226,"column":4},"end":{"line":243,"column":4}}},"18":{"name":"buySoybeans","line":246,"loc":{"start":{"line":246,"column":4},"end":{"line":269,"column":4}}},"19":{"name":"getAllSoybeans","line":272,"loc":{"start":{"line":272,"column":4},"end":{"line":281,"column":4}}}},"statementMap":{"1":{"start":{"line":71,"column":8},"end":{"line":71,"column":2613}},"2":{"start":{"line":81,"column":8},"end":{"line":81,"column":2922}},"3":{"start":{"line":91,"column":8},"end":{"line":91,"column":3245}},"4":{"start":{"line":101,"column":8},"end":{"line":101,"column":3527}},"5":{"start":{"line":111,"column":8},"end":{"line":111,"column":3839}},"6":{"start":{"line":127,"column":8},"end":{"line":127,"column":31}},"7":{"start":{"line":132,"column":8},"end":{"line":132,"column":27}},"8":{"start":{"line":137,"column":8},"end":{"line":137,"column":27}},"9":{"start":{"line":142,"column":8},"end":{"line":142,"column":31}},"10":{"start":{"line":147,"column":8},"end":{"line":147,"column":62}},"11":{"start":{"line":148,"column":8},"end":{"line":148,"column":31}},"12":{"start":{"line":153,"column":8},"end":{"line":153,"column":24}},"13":{"start":{"line":172,"column":8},"end":{"line":172,"column":49}},"14":{"start":{"line":180,"column":8},"end":{"line":180,"column":6032}},"15":{"start":{"line":188,"column":8},"end":{"line":188,"column":47}},"16":{"start":{"line":197,"column":8},"end":{"line":197,"column":6586}},"17":{"start":{"line":204,"column":8},"end":{"line":204,"column":54}},"18":{"start":{"line":207,"column":8},"end":{"line":207,"column":47}},"19":{"start":{"line":215,"column":8},"end":{"line":215,"column":7239}},"20":{"start":{"line":222,"column":8},"end":{"line":222,"column":44}},"21":{"start":{"line":231,"column":8},"end":{"line":231,"column":7865}},"22":{"start":{"line":238,"column":8},"end":{"line":238,"column":57}},"23":{"start":{"line":242,"column":8},"end":{"line":242,"column":44}},"24":{"start":{"line":248,"column":8},"end":{"line":248,"column":8761}},"25":{"start":{"line":253,"column":8},"end":{"line":253,"column":8995}},"26":{"start":{"line":259,"column":8},"end":{"line":259,"column":59}},"27":{"start":{"line":264,"column":8},"end":{"line":264,"column":9602}},"28":{"start":{"line":274,"column":8},"end":{"line":274,"column":68}},"29":{"start":{"line":276,"column":8},"end":{"line":276,"column":10099}},"30":{"start":{"line":280,"column":8},"end":{"line":280,"column":26}}},"branchMap":{"1":{"line":71,"type":"if","locations":[{"start":{"line":71,"column":8},"end":{"line":71,"column":8}},{"start":{"line":71,"column":8},"end":{"line":71,"column":8}}]},"2":{"line":81,"type":"if","locations":[{"start":{"line":81,"column":8},"end":{"line":81,"column":8}},{"start":{"line":81,"column":8},"end":{"line":81,"column":8}}]},"3":{"line":91,"type":"if","locations":[{"start":{"line":91,"column":8},"end":{"line":91,"column":8}},{"start":{"line":91,"column":8},"end":{"line":91,"column":8}}]},"4":{"line":101,"type":"if","locations":[{"start":{"line":101,"column":8},"end":{"line":101,"column":8}},{"start":{"line":101,"column":8},"end":{"line":101,"column":8}}]},"5":{"line":111,"type":"if","locations":[{"start":{"line":111,"column":8},"end":{"line":111,"column":8}},{"start":{"line":111,"column":8},"end":{"line":111,"column":8}}]},"6":{"line":147,"type":"if","locations":[{"start":{"line":147,"column":8},"end":{"line":147,"column":8}},{"start":{"line":147,"column":8},"end":{"line":147,"column":8}}]},"7":{"line":157,"type":"if","locations":[{"start":{"line":157,"column":50},"end":{"line":157,"column":50}},{"start":{"line":157,"column":50},"end":{"line":157,"column":50}}]},"8":{"line":179,"type":"if","locations":[{"start":{"line":179,"column":21},"end":{"line":179,"column":21}},{"start":{"line":179,"column":21},"end":{"line":179,"column":21}}]},"9":{"line":180,"type":"if","locations":[{"start":{"line":180,"column":8},"end":{"line":180,"column":8}},{"start":{"line":180,"column":8},"end":{"line":180,"column":8}}]},"10":{"line":196,"type":"if","locations":[{"start":{"line":196,"column":21},"end":{"line":196,"column":21}},{"start":{"line":196,"column":21},"end":{"line":196,"column":21}}]},"11":{"line":197,"type":"if","locations":[{"start":{"line":197,"column":8},"end":{"line":197,"column":8}},{"start":{"line":197,"column":8},"end":{"line":197,"column":8}}]},"12":{"line":214,"type":"if","locations":[{"start":{"line":214,"column":21},"end":{"line":214,"column":21}},{"start":{"line":214,"column":21},"end":{"line":214,"column":21}}]},"13":{"line":215,"type":"if","locations":[{"start":{"line":215,"column":8},"end":{"line":215,"column":8}},{"start":{"line":215,"column":8},"end":{"line":215,"column":8}}]},"14":{"line":229,"type":"if","locations":[{"start":{"line":229,"column":21},"end":{"line":229,"column":21}},{"start":{"line":229,"column":21},"end":{"line":229,"column":21}}]},"15":{"line":231,"type":"if","locations":[{"start":{"line":231,"column":8},"end":{"line":231,"column":8}},{"start":{"line":231,"column":8},"end":{"line":231,"column":8}}]},"16":{"line":246,"type":"if","locations":[{"start":{"line":246,"column":60},"end":{"line":246,"column":60}},{"start":{"line":246,"column":60},"end":{"line":246,"column":60}}]},"17":{"line":248,"type":"if","locations":[{"start":{"line":248,"column":8},"end":{"line":248,"column":8}},{"start":{"line":248,"column":8},"end":{"line":248,"column":8}}]},"18":{"line":253,"type":"if","locations":[{"start":{"line":253,"column":8},"end":{"line":253,"column":8}},{"start":{"line":253,"column":8},"end":{"line":253,"column":8}}]}}}}